<?xml version="1.0" encoding="UTF-8"?>
<!-- Generated by org.testng.reporters.JUnitReportReporter -->
<testsuite hostname="LAPTOP-V6FMVLP2" failures="0" tests="1" name="neoStoxTestClasses.TestClassNeo" time="12.868" errors="0" timestamp="2022-12-02T22:15:28 IST" skipped="0">
  <testcase classname="neoStoxTestClasses.TestClassNeo" name="validateUserName" time="12.868"/>
  <system-out>
    <![CDATA[getting user Name
Reading Values From Property Files
getting user Name
taking screenshot 
TC validateUserNameis completed successfuliy]]>
  </system-out>
</testsuite> <!-- neoStoxTestClasses.TestClassNeo -->
